[  214112ms] [WARNING] Unrecognized feature: 'ambient-light-sensor'. @ http://localhost:8501/static/js/index.B-cSXLfy.js:40
[  214112ms] [WARNING] Unrecognized feature: 'battery'. @ http://localhost:8501/static/js/index.B-cSXLfy.js:40
[  214112ms] [WARNING] Unrecognized feature: 'document-domain'. @ http://localhost:8501/static/js/index.B-cSXLfy.js:40
[  214112ms] [WARNING] Unrecognized feature: 'layout-animations'. @ http://localhost:8501/static/js/index.B-cSXLfy.js:40
[  214112ms] [WARNING] Unrecognized feature: 'legacy-image-formats'. @ http://localhost:8501/static/js/index.B-cSXLfy.js:40
[  214112ms] [WARNING] Unrecognized feature: 'oversized-images'. @ http://localhost:8501/static/js/index.B-cSXLfy.js:40
[  214112ms] [WARNING] Unrecognized feature: 'vr'. @ http://localhost:8501/static/js/index.B-cSXLfy.js:40
[  214113ms] [WARNING] Unrecognized feature: 'wake-lock'. @ http://localhost:8501/static/js/index.B-cSXLfy.js:40
[  214595ms] [WARNING] An iframe which has both allow-scripts and allow-same-origin for its sandbox attribute can escape its sandboxing. @ about:srcdoc:0
[  214780ms] [ERROR] SecurityError: Failed to execute 'replaceState' on 'History': A history state object with URL 'about://srcdoc' cannot be created in a document with origin 'http://localhost:8501' and URL 'about:srcdoc'.
    at Object.i [as setter] (about:srcdoc:532:1138)
    at v (about:srcdoc:532:1603)
    at about:srcdoc:532:21448
    at about:srcdoc:532:21467
    at about:srcdoc:532:21804
    at about:srcdoc:532:21807 @ about:srcdoc:531
[  214787ms] [ERROR] SecurityError: Failed to execute 'replaceState' on 'History': A history state object with URL 'about://srcdoc' cannot be created in a document with origin 'http://localhost:8501' and URL 'about:srcdoc'.
    at i (about:srcdoc:532:1138)
    at Object.setter (about:srcdoc:532:14366)
    at v (about:srcdoc:532:1603)
    at re (about:srcdoc:532:14343)
    at about:srcdoc:532:21590
    at about:srcdoc:532:21804
    at about:srcdoc:532:21807 @ about:srcdoc:531
[  214825ms] [VERBOSE] Rendering was performed in a subtree hidden by content-visibility. @ about:srcdoc:435
[  214825ms] [VERBOSE] Rendering was performed in a subtree hidden by content-visibility. @ about:srcdoc:435
[  214826ms] [VERBOSE] Rendering was performed in a subtree hidden by content-visibility. @ about:srcdoc:435
[  214827ms] [VERBOSE] Rendering was performed in a subtree hidden by content-visibility. @ about:srcdoc:435
[  214827ms] [VERBOSE] Rendering was performed in a subtree hidden by content-visibility. @ about:srcdoc:435
[  214827ms] [VERBOSE] Rendering was performed in a subtree hidden by content-visibility. @ about:srcdoc:435
[  214828ms] [VERBOSE] Rendering was performed in a subtree hidden by content-visibility. @ about:srcdoc:435
[  214828ms] [VERBOSE] Rendering was performed in a subtree hidden by content-visibility. @ about:srcdoc:435
[  214829ms] [VERBOSE] Rendering was performed in a subtree hidden by content-visibility. @ about:srcdoc:435
[  214830ms] [VERBOSE] Rendering was performed in a subtree hidden by content-visibility. @ about:srcdoc:435
[  214830ms] [VERBOSE] Rendering was performed in a subtree hidden by content-visibility. @ about:srcdoc:435
[  214831ms] [VERBOSE] Rendering was performed in a subtree hidden by content-visibility. @ about:srcdoc:435
[  214831ms] [VERBOSE] Rendering was performed in a subtree hidden by content-visibility. @ about:srcdoc:435
[  214832ms] [VERBOSE] Rendering was performed in a subtree hidden by content-visibility. @ about:srcdoc:435
[  214847ms] [VERBOSE] Rendering was performed in a subtree hidden by content-visibility. @ about:srcdoc:435
[  214847ms] [VERBOSE] Rendering was performed in a subtree hidden by content-visibility. @ about:srcdoc:435
[  214848ms] [VERBOSE] Rendering was performed in a subtree hidden by content-visibility. @ about:srcdoc:435
[  214848ms] [VERBOSE] Rendering was performed in a subtree hidden by content-visibility. @ about:srcdoc:435
[  214849ms] [VERBOSE] Rendering was performed in a subtree hidden by content-visibility. @ about:srcdoc:435
[  214849ms] [VERBOSE] Rendering was performed in a subtree hidden by content-visibility. @ about:srcdoc:435
[  214850ms] [VERBOSE] Rendering was performed in a subtree hidden by content-visibility. @ about:srcdoc:435
[  214850ms] [VERBOSE] Rendering was performed in a subtree hidden by content-visibility. @ about:srcdoc:435
[  214851ms] [VERBOSE] Rendering was performed in a subtree hidden by content-visibility. @ about:srcdoc:435
[  214851ms] [VERBOSE] Rendering was performed in a subtree hidden by content-visibility. @ about:srcdoc:435
[  214851ms] [VERBOSE] Rendering was performed in a subtree hidden by content-visibility. @ about:srcdoc:435
[  214851ms] [VERBOSE] Rendering was performed in a subtree hidden by content-visibility. @ about:srcdoc:435
[  214852ms] [VERBOSE] Rendering was performed in a subtree hidden by content-visibility. @ about:srcdoc:435
[  214852ms] [VERBOSE] Rendering was performed in a subtree hidden by content-visibility. @ about:srcdoc:435
[  214852ms] [VERBOSE] Rendering was performed in a subtree hidden by content-visibility. @ about:srcdoc:435
[  214853ms] [VERBOSE] Rendering was performed in a subtree hidden by content-visibility. @ about:srcdoc:435
[  214861ms] [VERBOSE] Rendering was performed in a subtree hidden by content-visibility. @ about:srcdoc:435
[  214861ms] [VERBOSE] Rendering was performed in a subtree hidden by content-visibility. @ about:srcdoc:435
[  214861ms] [VERBOSE] Rendering was performed in a subtree hidden by content-visibility. @ about:srcdoc:435
[  214861ms] [VERBOSE] Rendering was performed in a subtree hidden by content-visibility. @ about:srcdoc:435
[  214861ms] [VERBOSE] Rendering was performed in a subtree hidden by content-visibility. @ about:srcdoc:435
[  214861ms] [VERBOSE] Rendering was performed in a subtree hidden by content-visibility. @ about:srcdoc:435
[  214862ms] [VERBOSE] Rendering was performed in a subtree hidden by content-visibility. @ about:srcdoc:435
[  214862ms] [VERBOSE] Rendering was performed in a subtree hidden by content-visibility. @ about:srcdoc:435
[  214862ms] [VERBOSE] Rendering was performed in a subtree hidden by content-visibility. @ about:srcdoc:435
[  214862ms] [VERBOSE] Rendering was performed in a subtree hidden by content-visibility. @ about:srcdoc:435
[  214862ms] [VERBOSE] Rendering was performed in a subtree hidden by content-visibility. @ about:srcdoc:435
[  214862ms] [VERBOSE] Rendering was performed in a subtree hidden by content-visibility. @ about:srcdoc:435
[  214862ms] [VERBOSE] Rendering was performed in a subtree hidden by content-visibility. @ about:srcdoc:435
[  214862ms] [VERBOSE] Rendering was performed in a subtree hidden by content-visibility. @ about:srcdoc:435
[  214863ms] [VERBOSE] Rendering was performed in a subtree hidden by content-visibility. @ about:srcdoc:435
[  216924ms] [VERBOSE] Rendering was performed in a subtree hidden by content-visibility. @ about:srcdoc:435
[  216926ms] [VERBOSE] Rendering was performed in a subtree hidden by content-visibility. @ about:srcdoc:435
[  216928ms] [VERBOSE] Rendering was performed in a subtree hidden by content-visibility. @ about:srcdoc:435
[  216929ms] [VERBOSE] Rendering was performed in a subtree hidden by content-visibility. @ about:srcdoc:435
[  216929ms] [VERBOSE] Rendering was performed in a subtree hidden by content-visibility. @ about:srcdoc:435
[  216929ms] [VERBOSE] Rendering was performed in a subtree hidden by content-visibility. @ about:srcdoc:435
[  216930ms] [VERBOSE] Rendering was performed in a subtree hidden by content-visibility. @ about:srcdoc:435
[  216930ms] [VERBOSE] Rendering was performed in a subtree hidden by content-visibility. @ about:srcdoc:435
[  216930ms] [VERBOSE] Rendering was performed in a subtree hidden by content-visibility. @ about:srcdoc:435
[  216931ms] [VERBOSE] Rendering was performed in a subtree hidden by content-visibility. @ about:srcdoc:435
[  216931ms] [VERBOSE] Rendering was performed in a subtree hidden by content-visibility. @ about:srcdoc:435
[  216931ms] [VERBOSE] Rendering was performed in a subtree hidden by content-visibility. @ about:srcdoc:435
[  216931ms] [VERBOSE] Rendering was performed in a subtree hidden by content-visibility. @ about:srcdoc:435
[  216931ms] [VERBOSE] Rendering was performed in a subtree hidden by content-visibility. @ about:srcdoc:435
[  216932ms] [VERBOSE] Rendering was performed in a subtree hidden by content-visibility. @ about:srcdoc:435
[  216932ms] [VERBOSE] Rendering was performed in a subtree hidden by content-visibility. @ about:srcdoc:435
[  216939ms] [VERBOSE] Rendering was performed in a subtree hidden by content-visibility. @ about:srcdoc:435
[  216949ms] [VERBOSE] Rendering was performed in a subtree hidden by content-visibility. @ about:srcdoc:435
[  216959ms] [VERBOSE] Rendering was performed in a subtree hidden by content-visibility. @ about:srcdoc:435
[  216968ms] [VERBOSE] Rendering was performed in a subtree hidden by content-visibility. @ about:srcdoc:435
[  216979ms] [VERBOSE] Rendering was performed in a subtree hidden by content-visibility. @ about:srcdoc:435
[  216989ms] [VERBOSE] Rendering was performed in a subtree hidden by content-visibility. @ about:srcdoc:435
[  216999ms] [VERBOSE] Rendering was performed in a subtree hidden by content-visibility. @ about:srcdoc:435
[  217009ms] [VERBOSE] Rendering was performed in a subtree hidden by content-visibility. @ about:srcdoc:435
[  217019ms] [VERBOSE] Rendering was performed in a subtree hidden by content-visibility. @ about:srcdoc:435
[  217029ms] [VERBOSE] Rendering was performed in a subtree hidden by content-visibility. @ about:srcdoc:435
[  217039ms] [VERBOSE] Rendering was performed in a subtree hidden by content-visibility. @ about:srcdoc:435
[  217049ms] [VERBOSE] Rendering was performed in a subtree hidden by content-visibility. @ about:srcdoc:435
[  217059ms] [VERBOSE] Rendering was performed in a subtree hidden by content-visibility. @ about:srcdoc:435
[  217093ms] [VERBOSE] Rendering was performed in a subtree hidden by content-visibility. @ about:srcdoc:435
[  217109ms] [VERBOSE] Rendering was performed in a subtree hidden by content-visibility. @ about:srcdoc:435
[  217110ms] [VERBOSE] Rendering was performed in a subtree hidden by content-visibility. @ about:srcdoc:435
[  217119ms] [VERBOSE] Rendering was performed in a subtree hidden by content-visibility. @ about:srcdoc:435
[  217130ms] [VERBOSE] Rendering was performed in a subtree hidden by content-visibility. @ about:srcdoc:435
[  217139ms] [VERBOSE] Rendering was performed in a subtree hidden by content-visibility. @ about:srcdoc:435
[  234539ms] [VERBOSE] Rendering was performed in a subtree hidden by content-visibility. @ :3102
[  234539ms] [VERBOSE] Rendering was performed in a subtree hidden by content-visibility. @ :3102
[  234542ms] [VERBOSE] Rendering was performed in a subtree hidden by content-visibility. @ :3102
[  234543ms] [VERBOSE] Rendering was performed in a subtree hidden by content-visibility. @ :3102
[  234562ms] [VERBOSE] Rendering was performed in a subtree hidden by content-visibility. @ :3102
[  234563ms] [VERBOSE] Rendering was performed in a subtree hidden by content-visibility. @ :3102
[  234565ms] [VERBOSE] Rendering was performed in a subtree hidden by content-visibility. @ :3102
[  234565ms] [VERBOSE] Rendering was performed in a subtree hidden by content-visibility. @ :3102
[  234569ms] [VERBOSE] Rendering was performed in a subtree hidden by content-visibility. @ :3102
[  234570ms] [VERBOSE] Rendering was performed in a subtree hidden by content-visibility. @ :3102
[  234574ms] [VERBOSE] Rendering was performed in a subtree hidden by content-visibility. @ :3102
[  234574ms] [VERBOSE] Rendering was performed in a subtree hidden by content-visibility. @ :3102
[  234656ms] [VERBOSE] Rendering was performed in a subtree hidden by content-visibility. @ :3102
[  234656ms] [VERBOSE] Rendering was performed in a subtree hidden by content-visibility. @ :3102
[  247205ms] [VERBOSE] Rendering was performed in a subtree hidden by content-visibility. @ about:srcdoc:435
[  247208ms] [VERBOSE] Rendering was performed in a subtree hidden by content-visibility. @ about:srcdoc:435
[  247208ms] [VERBOSE] Rendering was performed in a subtree hidden by content-visibility. @ about:srcdoc:435
[  247209ms] [VERBOSE] Rendering was performed in a subtree hidden by content-visibility. @ about:srcdoc:435
[  247209ms] [VERBOSE] Rendering was performed in a subtree hidden by content-visibility. @ about:srcdoc:435
[  247210ms] [VERBOSE] Rendering was performed in a subtree hidden by content-visibility. @ about:srcdoc:435
[  247210ms] [VERBOSE] Rendering was performed in a subtree hidden by content-visibility. @ about:srcdoc:435
[  247211ms] [VERBOSE] Rendering was performed in a subtree hidden by content-visibility. @ about:srcdoc:435
[  247211ms] [VERBOSE] Rendering was performed in a subtree hidden by content-visibility. @ about:srcdoc:435
[  247212ms] [VERBOSE] Rendering was performed in a subtree hidden by content-visibility. @ about:srcdoc:435
[  247212ms] [VERBOSE] Rendering was performed in a subtree hidden by content-visibility. @ about:srcdoc:435
[  247212ms] [VERBOSE] Rendering was performed in a subtree hidden by content-visibility. @ about:srcdoc:435
[  247213ms] [VERBOSE] Rendering was performed in a subtree hidden by content-visibility. @ about:srcdoc:435
[  247213ms] [VERBOSE] Rendering was performed in a subtree hidden by content-visibility. @ about:srcdoc:435
[  247213ms] [VERBOSE] Rendering was performed in a subtree hidden by content-visibility. @ about:srcdoc:435
[  247219ms] [VERBOSE] Rendering was performed in a subtree hidden by content-visibility. @ about:srcdoc:435
[  247322ms] [VERBOSE] Rendering was performed in a subtree hidden by content-visibility. @ about:srcdoc:435
[  247323ms] [VERBOSE] Rendering was performed in a subtree hidden by content-visibility. @ about:srcdoc:435
[  247324ms] [VERBOSE] Rendering was performed in a subtree hidden by content-visibility. @ about:srcdoc:435
[  247324ms] [VERBOSE] Rendering was performed in a subtree hidden by content-visibility. @ about:srcdoc:435
[  247325ms] [VERBOSE] Rendering was performed in a subtree hidden by content-visibility. @ about:srcdoc:435
[  247325ms] [VERBOSE] Rendering was performed in a subtree hidden by content-visibility. @ about:srcdoc:435
[  247325ms] [VERBOSE] Rendering was performed in a subtree hidden by content-visibility. @ about:srcdoc:435
[  247326ms] [VERBOSE] Rendering was performed in a subtree hidden by content-visibility. @ about:srcdoc:435
[  247327ms] [VERBOSE] Rendering was performed in a subtree hidden by content-visibility. @ about:srcdoc:435
[  247327ms] [VERBOSE] Rendering was performed in a subtree hidden by content-visibility. @ about:srcdoc:435
[  247328ms] [VERBOSE] Rendering was performed in a subtree hidden by content-visibility. @ about:srcdoc:435
[  247328ms] [VERBOSE] Rendering was performed in a subtree hidden by content-visibility. @ about:srcdoc:435
[  247329ms] [VERBOSE] Rendering was performed in a subtree hidden by content-visibility. @ about:srcdoc:435
[  247329ms] [VERBOSE] Rendering was performed in a subtree hidden by content-visibility. @ about:srcdoc:435
[  247329ms] [VERBOSE] Rendering was performed in a subtree hidden by content-visibility. @ about:srcdoc:435
[  247460ms] [VERBOSE] Rendering was performed in a subtree hidden by content-visibility. @ about:srcdoc:435
[  247683ms] [VERBOSE] Rendering was performed in a subtree hidden by content-visibility. @ :3102
[  247684ms] [VERBOSE] Rendering was performed in a subtree hidden by content-visibility. @ :3102
[  247689ms] [VERBOSE] Rendering was performed in a subtree hidden by content-visibility. @ :3102
[  247691ms] [VERBOSE] Rendering was performed in a subtree hidden by content-visibility. @ :3102
[  247693ms] [VERBOSE] Rendering was performed in a subtree hidden by content-visibility. @ :3102
[  247696ms] [VERBOSE] Rendering was performed in a subtree hidden by content-visibility. @ :3102
[  247700ms] [VERBOSE] Rendering was performed in a subtree hidden by content-visibility. @ :3102
[ 5470746ms] [VERBOSE] Rendering was performed in a subtree hidden by content-visibility. @ about:srcdoc:435
[ 5470808ms] [VERBOSE] Rendering was performed in a subtree hidden by content-visibility. @ about:srcdoc:435
[ 5470809ms] [VERBOSE] Rendering was performed in a subtree hidden by content-visibility. @ about:srcdoc:435
[ 5470810ms] [VERBOSE] Rendering was performed in a subtree hidden by content-visibility. @ about:srcdoc:435
[ 5470812ms] [VERBOSE] Rendering was performed in a subtree hidden by content-visibility. @ about:srcdoc:435
[ 5470817ms] [VERBOSE] Rendering was performed in a subtree hidden by content-visibility. @ about:srcdoc:435
[ 5470818ms] [VERBOSE] Rendering was performed in a subtree hidden by content-visibility. @ about:srcdoc:435
[ 5470819ms] [VERBOSE] Rendering was performed in a subtree hidden by content-visibility. @ about:srcdoc:435
[ 5470821ms] [VERBOSE] Rendering was performed in a subtree hidden by content-visibility. @ about:srcdoc:435
[ 5470821ms] [VERBOSE] Rendering was performed in a subtree hidden by content-visibility. @ about:srcdoc:435
[ 5470822ms] [VERBOSE] Rendering was performed in a subtree hidden by content-visibility. @ about:srcdoc:435
[ 5470823ms] [VERBOSE] Rendering was performed in a subtree hidden by content-visibility. @ about:srcdoc:435
[ 5470823ms] [VERBOSE] Rendering was performed in a subtree hidden by content-visibility. @ about:srcdoc:435
[ 5470824ms] [VERBOSE] Rendering was performed in a subtree hidden by content-visibility. @ about:srcdoc:435
[ 5470825ms] [VERBOSE] Rendering was performed in a subtree hidden by content-visibility. @ about:srcdoc:435
[ 5470856ms] [VERBOSE] Rendering was performed in a subtree hidden by content-visibility. @ about:srcdoc:435
[ 5470865ms] [VERBOSE] Rendering was performed in a subtree hidden by content-visibility. @ about:srcdoc:435
[ 5470899ms] [VERBOSE] Rendering was performed in a subtree hidden by content-visibility. @ about:srcdoc:435
[ 5470907ms] [VERBOSE] Rendering was performed in a subtree hidden by content-visibility. @ about:srcdoc:435
[ 5470912ms] [VERBOSE] Rendering was performed in a subtree hidden by content-visibility. @ about:srcdoc:435
[ 5470916ms] [VERBOSE] Rendering was performed in a subtree hidden by content-visibility. @ about:srcdoc:435
[ 5470926ms] [VERBOSE] Rendering was performed in a subtree hidden by content-visibility. @ about:srcdoc:435
[ 5470936ms] [VERBOSE] Rendering was performed in a subtree hidden by content-visibility. @ about:srcdoc:435
[ 5470946ms] [VERBOSE] Rendering was performed in a subtree hidden by content-visibility. @ about:srcdoc:435
[ 5470956ms] [VERBOSE] Rendering was performed in a subtree hidden by content-visibility. @ about:srcdoc:435
[ 5470966ms] [VERBOSE] Rendering was performed in a subtree hidden by content-visibility. @ about:srcdoc:435
[ 5470979ms] [VERBOSE] Rendering was performed in a subtree hidden by content-visibility. @ about:srcdoc:435
[ 5470987ms] [VERBOSE] Rendering was performed in a subtree hidden by content-visibility. @ about:srcdoc:435
[ 5471002ms] [VERBOSE] Rendering was performed in a subtree hidden by content-visibility. @ about:srcdoc:435
[ 5471006ms] [VERBOSE] Rendering was performed in a subtree hidden by content-visibility. @ about:srcdoc:435
[ 5471016ms] [VERBOSE] Rendering was performed in a subtree hidden by content-visibility. @ about:srcdoc:435
[ 5471025ms] [VERBOSE] Rendering was performed in a subtree hidden by content-visibility. @ about:srcdoc:435
[ 5471035ms] [VERBOSE] Rendering was performed in a subtree hidden by content-visibility. @ about:srcdoc:435
[ 5471045ms] [VERBOSE] Rendering was performed in a subtree hidden by content-visibility. @ about:srcdoc:435
[ 5471056ms] [VERBOSE] Rendering was performed in a subtree hidden by content-visibility. @ about:srcdoc:435
[ 5471136ms] [VERBOSE] Rendering was performed in a subtree hidden by content-visibility. @ about:srcdoc:435
[ 5471148ms] [VERBOSE] Rendering was performed in a subtree hidden by content-visibility. @ about:srcdoc:435
[ 5472007ms] [VERBOSE] Rendering was performed in a subtree hidden by content-visibility. @ about:srcdoc:435
[ 5472687ms] [VERBOSE] Rendering was performed in a subtree hidden by content-visibility. @ about:srcdoc:435
[ 5472780ms] [VERBOSE] Rendering was performed in a subtree hidden by content-visibility. @ about:srcdoc:435
[ 5473099ms] [VERBOSE] Rendering was performed in a subtree hidden by content-visibility. @ about:srcdoc:435
[ 5473163ms] [VERBOSE] Rendering was performed in a subtree hidden by content-visibility. @ about:srcdoc:435
[ 5473164ms] [VERBOSE] Rendering was performed in a subtree hidden by content-visibility. @ about:srcdoc:435
[ 5473164ms] [VERBOSE] Rendering was performed in a subtree hidden by content-visibility. @ about:srcdoc:435
[ 5473164ms] [VERBOSE] Rendering was performed in a subtree hidden by content-visibility. @ about:srcdoc:435
[ 5473165ms] [VERBOSE] Rendering was performed in a subtree hidden by content-visibility. @ about:srcdoc:435
[ 5473166ms] [VERBOSE] Rendering was performed in a subtree hidden by content-visibility. @ about:srcdoc:435
[ 5473166ms] [VERBOSE] Rendering was performed in a subtree hidden by content-visibility. @ about:srcdoc:435
[ 5473166ms] [VERBOSE] Rendering was performed in a subtree hidden by content-visibility. @ about:srcdoc:435
[ 5473167ms] [VERBOSE] Rendering was performed in a subtree hidden by content-visibility. @ about:srcdoc:435
[ 5473167ms] [VERBOSE] Rendering was performed in a subtree hidden by content-visibility. @ about:srcdoc:435
[ 5473168ms] [VERBOSE] Rendering was performed in a subtree hidden by content-visibility. @ about:srcdoc:435
[ 5473168ms] [VERBOSE] Rendering was performed in a subtree hidden by content-visibility. @ about:srcdoc:435
[ 5473168ms] [VERBOSE] Rendering was performed in a subtree hidden by content-visibility. @ about:srcdoc:435
[ 5473169ms] [VERBOSE] Rendering was performed in a subtree hidden by content-visibility. @ about:srcdoc:435
[ 5473169ms] [VERBOSE] Rendering was performed in a subtree hidden by content-visibility. @ about:srcdoc:435
[ 5473211ms] [VERBOSE] Rendering was performed in a subtree hidden by content-visibility. @ about:srcdoc:435
[ 5473216ms] [VERBOSE] Rendering was performed in a subtree hidden by content-visibility. @ about:srcdoc:435
[ 5473226ms] [VERBOSE] Rendering was performed in a subtree hidden by content-visibility. @ about:srcdoc:435
[ 5473575ms] [VERBOSE] Rendering was performed in a subtree hidden by content-visibility. @ about:srcdoc:435
[ 5473577ms] [VERBOSE] Rendering was performed in a subtree hidden by content-visibility. @ about:srcdoc:435
[ 5473586ms] [VERBOSE] Rendering was performed in a subtree hidden by content-visibility. @ about:srcdoc:435
[ 5473596ms] [VERBOSE] Rendering was performed in a subtree hidden by content-visibility. @ about:srcdoc:435
[ 5474927ms] [VERBOSE] Rendering was performed in a subtree hidden by content-visibility. @ about:srcdoc:435
[ 5474928ms] [VERBOSE] Rendering was performed in a subtree hidden by content-visibility. @ about:srcdoc:435
[ 5474928ms] [VERBOSE] Rendering was performed in a subtree hidden by content-visibility. @ about:srcdoc:435
[ 5474928ms] [VERBOSE] Rendering was performed in a subtree hidden by content-visibility. @ about:srcdoc:435
[ 5474929ms] [VERBOSE] Rendering was performed in a subtree hidden by content-visibility. @ about:srcdoc:435
[ 5474929ms] [VERBOSE] Rendering was performed in a subtree hidden by content-visibility. @ about:srcdoc:435
[ 5474929ms] [VERBOSE] Rendering was performed in a subtree hidden by content-visibility. @ about:srcdoc:435
[ 5474930ms] [VERBOSE] Rendering was performed in a subtree hidden by content-visibility. @ about:srcdoc:435
[ 5474930ms] [VERBOSE] Rendering was performed in a subtree hidden by content-visibility. @ about:srcdoc:435
[ 5474930ms] [VERBOSE] Rendering was performed in a subtree hidden by content-visibility. @ about:srcdoc:435
[ 5474931ms] [VERBOSE] Rendering was performed in a subtree hidden by content-visibility. @ about:srcdoc:435
[ 5474931ms] [VERBOSE] Rendering was performed in a subtree hidden by content-visibility. @ about:srcdoc:435
[ 5474932ms] [VERBOSE] Rendering was performed in a subtree hidden by content-visibility. @ about:srcdoc:435
[ 5474933ms] [VERBOSE] Rendering was performed in a subtree hidden by content-visibility. @ about:srcdoc:435
[ 5474933ms] [VERBOSE] Rendering was performed in a subtree hidden by content-visibility. @ about:srcdoc:435
[ 5474942ms] [VERBOSE] Rendering was performed in a subtree hidden by content-visibility. @ about:srcdoc:435
[ 5474946ms] [VERBOSE] Rendering was performed in a subtree hidden by content-visibility. @ about:srcdoc:435
[ 5474955ms] [VERBOSE] Rendering was performed in a subtree hidden by content-visibility. @ about:srcdoc:435
[ 5474966ms] [VERBOSE] Rendering was performed in a subtree hidden by content-visibility. @ about:srcdoc:435
[ 5474976ms] [VERBOSE] Rendering was performed in a subtree hidden by content-visibility. @ about:srcdoc:435
[ 5474986ms] [VERBOSE] Rendering was performed in a subtree hidden by content-visibility. @ about:srcdoc:435
[ 5474997ms] [VERBOSE] Rendering was performed in a subtree hidden by content-visibility. @ about:srcdoc:435
[ 5475017ms] [VERBOSE] Rendering was performed in a subtree hidden by content-visibility. @ about:srcdoc:435
[ 5475022ms] [VERBOSE] Rendering was performed in a subtree hidden by content-visibility. @ about:srcdoc:435
[ 5475026ms] [VERBOSE] Rendering was performed in a subtree hidden by content-visibility. @ about:srcdoc:435
[ 5475036ms] [VERBOSE] Rendering was performed in a subtree hidden by content-visibility. @ about:srcdoc:435
[ 5475047ms] [VERBOSE] Rendering was performed in a subtree hidden by content-visibility. @ about:srcdoc:435
[ 5475057ms] [VERBOSE] Rendering was performed in a subtree hidden by content-visibility. @ about:srcdoc:435
[ 5475067ms] [VERBOSE] Rendering was performed in a subtree hidden by content-visibility. @ about:srcdoc:435
[ 5475076ms] [VERBOSE] Rendering was performed in a subtree hidden by content-visibility. @ about:srcdoc:435
[ 5475087ms] [VERBOSE] Rendering was performed in a subtree hidden by content-visibility. @ about:srcdoc:435
[ 5475096ms] [VERBOSE] Rendering was performed in a subtree hidden by content-visibility. @ about:srcdoc:435
[ 5475106ms] [VERBOSE] Rendering was performed in a subtree hidden by content-visibility. @ about:srcdoc:435
[ 5475117ms] [VERBOSE] Rendering was performed in a subtree hidden by content-visibility. @ about:srcdoc:435
[ 5475125ms] [VERBOSE] Rendering was performed in a subtree hidden by content-visibility. @ about:srcdoc:435
[ 5475135ms] [VERBOSE] Rendering was performed in a subtree hidden by content-visibility. @ about:srcdoc:435
